{"/home/biancardi/yooga/stencil-poc/src/components/my-button/my-button.tsx": {"path":"/home/biancardi/yooga/stencil-poc/src/components/my-button/my-button.tsx","statementMap":{"0":{"start":{"line":1,"column":0},"end":{"line":1,"column":57}},"1":{"start":{"line":9,"column":10},"end":{"line":9,"column":40}},"2":{"start":{"line":10,"column":10},"end":{"line":10,"column":55}},"3":{"start":{"line":11,"column":10},"end":{"line":11,"column":36}},"4":{"start":{"line":14,"column":22},"end":{"line":14,"column":33}},"5":{"start":{"line":15,"column":25},"end":{"line":15,"column":53}},"6":{"start":{"line":16,"column":26},"end":{"line":16,"column":68}},"7":{"start":{"line":17,"column":4},"end":{"line":17,"column":59}},"8":{"start":{"line":21,"column":4},"end":{"line":27,"column":6}},"9":{"start":{"line":3,"column":0},"end":{"line":3,"column":null}}},"fnMap":{"0":{"name":"(anonymous_0)","decl":{"start":{"line":3,"column":0},"end":{"line":3,"column":null}},"loc":{"start":{"line":3,"column":0},"end":{"line":29,"column":null}}},"1":{"name":"(anonymous_1)","decl":{"start":{"line":13,"column":2},"end":{"line":13,"column":6}},"loc":{"start":{"line":13,"column":17},"end":{"line":18,"column":3}}},"2":{"name":"(anonymous_2)","decl":{"start":{"line":20,"column":2},"end":{"line":20,"column":8}},"loc":{"start":{"line":20,"column":8},"end":{"line":28,"column":3}}}},"branchMap":{"0":{"loc":{"start":{"line":16,"column":26},"end":{"line":16,"column":68}},"type":"cond-expr","locations":[{"start":{"line":16,"column":42},"end":{"line":16,"column":63}},{"start":{"line":16,"column":66},"end":{"line":16,"column":68}}]}},"s":{"0":1,"1":4,"2":4,"3":4,"4":4,"5":4,"6":4,"7":4,"8":4,"9":1},"f":{"0":4,"1":4,"2":4},"b":{"0":[1,3]}}
,"/home/biancardi/yooga/stencil-poc/src/components/my-component/my-component.tsx": {"path":"/home/biancardi/yooga/stencil-poc/src/components/my-component/my-component.tsx","statementMap":{"0":{"start":{"line":1,"column":0},"end":{"line":1,"column":51}},"1":{"start":{"line":2,"column":0},"end":{"line":2,"column":43}},"2":{"start":{"line":26,"column":4},"end":{"line":26,"column":54}},"3":{"start":{"line":30,"column":4},"end":{"line":30,"column":57}},"4":{"start":{"line":4,"column":0},"end":{"line":4,"column":null}}},"fnMap":{"0":{"name":"(anonymous_1)","decl":{"start":{"line":25,"column":10},"end":{"line":25,"column":17}},"loc":{"start":{"line":25,"column":17},"end":{"line":27,"column":3}}},"1":{"name":"(anonymous_2)","decl":{"start":{"line":29,"column":2},"end":{"line":29,"column":8}},"loc":{"start":{"line":29,"column":8},"end":{"line":31,"column":3}}}},"branchMap":{},"s":{"0":1,"1":1,"2":2,"3":2,"4":1},"f":{"0":2,"1":2},"b":{}}
,"/home/biancardi/yooga/stencil-poc/src/components/yoo-button/yoo-button.tsx": {"path":"/home/biancardi/yooga/stencil-poc/src/components/yoo-button/yoo-button.tsx","statementMap":{"0":{"start":{"line":1,"column":0},"end":{"line":1,"column":57}},"1":{"start":{"line":23,"column":10},"end":{"line":23,"column":40}},"2":{"start":{"line":24,"column":10},"end":{"line":24,"column":42}},"3":{"start":{"line":25,"column":10},"end":{"line":25,"column":43}},"4":{"start":{"line":26,"column":10},"end":{"line":26,"column":33}},"5":{"start":{"line":29,"column":10},"end":{"line":29,"column":49}},"6":{"start":{"line":30,"column":10},"end":{"line":30,"column":53}},"7":{"start":{"line":31,"column":10},"end":{"line":31,"column":52}},"8":{"start":{"line":32,"column":10},"end":{"line":32,"column":42}},"9":{"start":{"line":35,"column":10},"end":{"line":35,"column":37}},"10":{"start":{"line":38,"column":22},"end":{"line":38,"column":43}},"11":{"start":{"line":39,"column":25},"end":{"line":39,"column":49}},"12":{"start":{"line":40,"column":23},"end":{"line":40,"column":45}},"13":{"start":{"line":41,"column":26},"end":{"line":41,"column":64}},"14":{"start":{"line":42,"column":23},"end":{"line":42,"column":55}},"15":{"start":{"line":44,"column":4},"end":{"line":44,"column":87}},"16":{"start":{"line":48,"column":4},"end":{"line":56,"column":5}},"17":{"start":{"line":49,"column":6},"end":{"line":55,"column":8}},"18":{"start":{"line":58,"column":4},"end":{"line":64,"column":6}},"19":{"start":{"line":15,"column":0},"end":{"line":15,"column":null}}},"fnMap":{"0":{"name":"(anonymous_0)","decl":{"start":{"line":15,"column":0},"end":{"line":15,"column":null}},"loc":{"start":{"line":15,"column":0},"end":{"line":66,"column":null}}},"1":{"name":"(anonymous_1)","decl":{"start":{"line":37,"column":2},"end":{"line":37,"column":6}},"loc":{"start":{"line":37,"column":17},"end":{"line":45,"column":3}}},"2":{"name":"(anonymous_2)","decl":{"start":{"line":47,"column":2},"end":{"line":47,"column":8}},"loc":{"start":{"line":47,"column":8},"end":{"line":65,"column":3}}}},"branchMap":{"0":{"loc":{"start":{"line":41,"column":26},"end":{"line":41,"column":64}},"type":"cond-expr","locations":[{"start":{"line":41,"column":42},"end":{"line":41,"column":59}},{"start":{"line":41,"column":62},"end":{"line":41,"column":64}}]},"1":{"loc":{"start":{"line":42,"column":23},"end":{"line":42,"column":55}},"type":"cond-expr","locations":[{"start":{"line":42,"column":36},"end":{"line":42,"column":50}},{"start":{"line":42,"column":53},"end":{"line":42,"column":55}}]},"2":{"loc":{"start":{"line":48,"column":4},"end":{"line":56,"column":5}},"type":"if","locations":[{"start":{"line":48,"column":4},"end":{"line":56,"column":5}}]}},"s":{"0":1,"1":1,"2":1,"3":1,"4":1,"5":1,"6":1,"7":1,"8":1,"9":1,"10":1,"11":1,"12":1,"13":1,"14":1,"15":1,"16":1,"17":0,"18":1,"19":1},"f":{"0":1,"1":1,"2":1},"b":{"0":[0,1],"1":[0,1],"2":[0]}}
,"/home/biancardi/yooga/stencil-poc/src/components/yoo-input/yoo-input.tsx": {"path":"/home/biancardi/yooga/stencil-poc/src/components/yoo-input/yoo-input.tsx","statementMap":{"0":{"start":{"line":1,"column":0},"end":{"line":1,"column":57}},"1":{"start":{"line":12,"column":10},"end":{"line":12,"column":38}},"2":{"start":{"line":13,"column":10},"end":{"line":13,"column":37}},"3":{"start":{"line":14,"column":10},"end":{"line":14,"column":40}},"4":{"start":{"line":17,"column":20},"end":{"line":17,"column":29}},"5":{"start":{"line":19,"column":4},"end":{"line":21,"column":5}},"6":{"start":{"line":20,"column":6},"end":{"line":20,"column":38}},"7":{"start":{"line":23,"column":4},"end":{"line":25,"column":5}},"8":{"start":{"line":24,"column":6},"end":{"line":24,"column":37}},"9":{"start":{"line":27,"column":4},"end":{"line":27,"column":29}},"10":{"start":{"line":31,"column":4},"end":{"line":62,"column":6}},"11":{"start":{"line":3,"column":0},"end":{"line":3,"column":null}}},"fnMap":{"0":{"name":"(anonymous_0)","decl":{"start":{"line":3,"column":0},"end":{"line":3,"column":null}},"loc":{"start":{"line":3,"column":0},"end":{"line":65,"column":null}}},"1":{"name":"(anonymous_1)","decl":{"start":{"line":16,"column":2},"end":{"line":16,"column":14}},"loc":{"start":{"line":16,"column":24},"end":{"line":28,"column":3}}},"2":{"name":"(anonymous_2)","decl":{"start":{"line":30,"column":2},"end":{"line":30,"column":8}},"loc":{"start":{"line":30,"column":8},"end":{"line":63,"column":3}}}},"branchMap":{"0":{"loc":{"start":{"line":19,"column":4},"end":{"line":21,"column":5}},"type":"if","locations":[{"start":{"line":19,"column":4},"end":{"line":21,"column":5}}]},"1":{"loc":{"start":{"line":23,"column":4},"end":{"line":25,"column":5}},"type":"if","locations":[{"start":{"line":23,"column":4},"end":{"line":25,"column":5}}]},"2":{"loc":{"start":{"line":36,"column":13},"end":{"line":36,"column":50}},"type":"binary-expr","locations":[{"start":{"line":36,"column":13},"end":{"line":36,"column":28}},{"start":{"line":36,"column":32},"end":{"line":36,"column":50}}]},"3":{"loc":{"start":{"line":50,"column":13},"end":{"line":55,"column":null}},"type":"binary-expr","locations":[{"start":{"line":50,"column":13},"end":{"line":50,"column":30}},{"start":{"line":51,"column":14},"end":{"line":54,"column":null}}]}},"s":{"0":1,"1":6,"2":6,"3":6,"4":6,"5":6,"6":2,"7":6,"8":2,"9":6,"10":6,"11":1},"f":{"0":6,"1":6,"2":6},"b":{"0":[2],"1":[2],"2":[6,2],"3":[6,2]}}
,"/home/biancardi/yooga/stencil-poc/src/utils/utils.ts": {"path":"/home/biancardi/yooga/stencil-poc/src/utils/utils.ts","statementMap":{"0":{"start":{"line":1,"column":0},"end":{"line":1,"column":16}},"1":{"start":{"line":2,"column":2},"end":{"line":2,"column":81}}},"fnMap":{"0":{"name":"format","decl":{"start":{"line":1,"column":16},"end":{"line":1,"column":22}},"loc":{"start":{"line":1,"column":69},"end":{"line":3,"column":1}}}},"branchMap":{"0":{"loc":{"start":{"line":2,"column":10},"end":{"line":2,"column":21}},"type":"binary-expr","locations":[{"start":{"line":2,"column":10},"end":{"line":2,"column":15}},{"start":{"line":2,"column":19},"end":{"line":2,"column":21}}]},"1":{"loc":{"start":{"line":2,"column":26},"end":{"line":2,"column":52}},"type":"cond-expr","locations":[{"start":{"line":2,"column":35},"end":{"line":2,"column":47}},{"start":{"line":2,"column":50},"end":{"line":2,"column":52}}]},"2":{"loc":{"start":{"line":2,"column":57},"end":{"line":2,"column":79}},"type":"cond-expr","locations":[{"start":{"line":2,"column":64},"end":{"line":2,"column":74}},{"start":{"line":2,"column":77},"end":{"line":2,"column":79}}]}},"s":{"0":2,"1":6},"f":{"0":6},"b":{"0":[6,2],"1":[2,4],"2":[3,3]}}
}
