{"/home/biancardi/yooga/stencil-poc/src/components/my-button/my-button.tsx": {"path":"/home/biancardi/yooga/stencil-poc/src/components/my-button/my-button.tsx","statementMap":{"0":{"start":{"line":1,"column":0},"end":{"line":1,"column":57}},"1":{"start":{"line":9,"column":10},"end":{"line":9,"column":40}},"2":{"start":{"line":10,"column":10},"end":{"line":10,"column":55}},"3":{"start":{"line":11,"column":10},"end":{"line":11,"column":36}},"4":{"start":{"line":14,"column":22},"end":{"line":14,"column":33}},"5":{"start":{"line":15,"column":25},"end":{"line":15,"column":53}},"6":{"start":{"line":16,"column":26},"end":{"line":16,"column":68}},"7":{"start":{"line":17,"column":4},"end":{"line":17,"column":59}},"8":{"start":{"line":21,"column":4},"end":{"line":27,"column":6}},"9":{"start":{"line":3,"column":0},"end":{"line":3,"column":null}}},"fnMap":{"0":{"name":"(anonymous_0)","decl":{"start":{"line":3,"column":0},"end":{"line":3,"column":null}},"loc":{"start":{"line":3,"column":0},"end":{"line":29,"column":null}}},"1":{"name":"(anonymous_1)","decl":{"start":{"line":13,"column":2},"end":{"line":13,"column":6}},"loc":{"start":{"line":13,"column":17},"end":{"line":18,"column":3}}},"2":{"name":"(anonymous_2)","decl":{"start":{"line":20,"column":2},"end":{"line":20,"column":8}},"loc":{"start":{"line":20,"column":8},"end":{"line":28,"column":3}}}},"branchMap":{"0":{"loc":{"start":{"line":16,"column":26},"end":{"line":16,"column":68}},"type":"cond-expr","locations":[{"start":{"line":16,"column":42},"end":{"line":16,"column":63}},{"start":{"line":16,"column":66},"end":{"line":16,"column":68}}]}},"s":{"0":1,"1":4,"2":4,"3":4,"4":4,"5":4,"6":4,"7":4,"8":4,"9":1},"f":{"0":4,"1":4,"2":4},"b":{"0":[1,3]}}
,"/home/biancardi/yooga/stencil-poc/src/components/my-component/my-component.tsx": {"path":"/home/biancardi/yooga/stencil-poc/src/components/my-component/my-component.tsx","statementMap":{"0":{"start":{"line":1,"column":0},"end":{"line":1,"column":51}},"1":{"start":{"line":2,"column":0},"end":{"line":2,"column":43}},"2":{"start":{"line":26,"column":4},"end":{"line":26,"column":54}},"3":{"start":{"line":30,"column":4},"end":{"line":30,"column":57}},"4":{"start":{"line":4,"column":0},"end":{"line":4,"column":null}}},"fnMap":{"0":{"name":"(anonymous_1)","decl":{"start":{"line":25,"column":10},"end":{"line":25,"column":17}},"loc":{"start":{"line":25,"column":17},"end":{"line":27,"column":3}}},"1":{"name":"(anonymous_2)","decl":{"start":{"line":29,"column":2},"end":{"line":29,"column":8}},"loc":{"start":{"line":29,"column":8},"end":{"line":31,"column":3}}}},"branchMap":{},"s":{"0":1,"1":1,"2":2,"3":2,"4":1},"f":{"0":2,"1":2},"b":{}}
,"/home/biancardi/yooga/stencil-poc/src/utils/utils.ts": {"path":"/home/biancardi/yooga/stencil-poc/src/utils/utils.ts","statementMap":{"0":{"start":{"line":1,"column":0},"end":{"line":1,"column":16}},"1":{"start":{"line":2,"column":2},"end":{"line":2,"column":81}}},"fnMap":{"0":{"name":"format","decl":{"start":{"line":1,"column":16},"end":{"line":1,"column":22}},"loc":{"start":{"line":1,"column":69},"end":{"line":3,"column":1}}}},"branchMap":{"0":{"loc":{"start":{"line":2,"column":10},"end":{"line":2,"column":21}},"type":"binary-expr","locations":[{"start":{"line":2,"column":10},"end":{"line":2,"column":15}},{"start":{"line":2,"column":19},"end":{"line":2,"column":21}}]},"1":{"loc":{"start":{"line":2,"column":26},"end":{"line":2,"column":52}},"type":"cond-expr","locations":[{"start":{"line":2,"column":35},"end":{"line":2,"column":47}},{"start":{"line":2,"column":50},"end":{"line":2,"column":52}}]},"2":{"loc":{"start":{"line":2,"column":57},"end":{"line":2,"column":79}},"type":"cond-expr","locations":[{"start":{"line":2,"column":64},"end":{"line":2,"column":74}},{"start":{"line":2,"column":77},"end":{"line":2,"column":79}}]}},"s":{"0":2,"1":6},"f":{"0":6},"b":{"0":[6,2],"1":[2,4],"2":[3,3]}}
}
