TN:
SF:src/components/my-button/my-button.tsx
FN:3,(anonymous_0)
FN:13,(anonymous_1)
FN:20,(anonymous_2)
FNF:3
FNH:3
FNDA:4,(anonymous_0)
FNDA:4,(anonymous_1)
FNDA:4,(anonymous_2)
DA:1,1
DA:3,1
DA:9,4
DA:10,4
DA:11,4
DA:14,4
DA:15,4
DA:16,4
DA:17,4
DA:21,4
LF:10
LH:10
BRDA:16,0,0,1
BRDA:16,0,1,3
BRF:2
BRH:2
end_of_record
TN:
SF:src/components/my-component/my-component.tsx
FN:25,(anonymous_1)
FN:29,(anonymous_2)
FNF:2
FNH:2
FNDA:2,(anonymous_1)
FNDA:2,(anonymous_2)
DA:1,1
DA:2,1
DA:4,1
DA:26,2
DA:30,2
LF:5
LH:5
BRF:0
BRH:0
end_of_record
TN:
SF:src/components/yoo-button/yoo-button.tsx
FN:15,(anonymous_0)
FN:37,(anonymous_1)
FN:47,(anonymous_2)
FNF:3
FNH:3
FNDA:1,(anonymous_0)
FNDA:1,(anonymous_1)
FNDA:1,(anonymous_2)
DA:1,1
DA:15,1
DA:23,1
DA:24,1
DA:25,1
DA:26,1
DA:29,1
DA:30,1
DA:31,1
DA:32,1
DA:35,1
DA:38,1
DA:39,1
DA:40,1
DA:41,1
DA:42,1
DA:44,1
DA:48,1
DA:49,0
DA:58,1
LF:20
LH:19
BRDA:41,0,0,0
BRDA:41,0,1,1
BRDA:42,1,0,0
BRDA:42,1,1,1
BRDA:48,2,0,0
BRF:5
BRH:2
end_of_record
TN:
SF:src/components/yoo-input/yoo-input.tsx
FN:3,(anonymous_0)
FN:16,(anonymous_1)
FN:30,(anonymous_2)
FNF:3
FNH:3
FNDA:6,(anonymous_0)
FNDA:6,(anonymous_1)
FNDA:6,(anonymous_2)
DA:1,1
DA:3,1
DA:12,6
DA:13,6
DA:14,6
DA:17,6
DA:19,6
DA:20,2
DA:23,6
DA:24,2
DA:27,6
DA:31,6
LF:12
LH:12
BRDA:19,0,0,2
BRDA:23,1,0,2
BRDA:36,2,0,6
BRDA:36,2,1,2
BRDA:50,3,0,6
BRDA:50,3,1,2
BRF:6
BRH:6
end_of_record
TN:
SF:src/utils/utils.ts
FN:1,format
FNF:1
FNH:1
FNDA:6,format
DA:1,2
DA:2,6
LF:2
LH:2
BRDA:2,0,0,6
BRDA:2,0,1,2
BRDA:2,1,0,2
BRDA:2,1,1,4
BRDA:2,2,0,3
BRDA:2,2,1,3
BRF:6
BRH:6
end_of_record
